<?xml version="1.0" encoding="UTF-8" ?>
<testsuites>
  <testsuite errors="0" failures="0" hostname="Alis-MacBook-Pro-2.local" id="0" name="AccountSpec" package="groovyempire" tests="1" time="0.453" timestamp="2013-12-02T05:28:57">
      <properties />

      <testcase classname="groovyempire.AccountSpec" name="Create account for a bank" time="0.228" />

      <system-out><![CDATA[--Output from Create account for a bank--
--------------------
owner:groovyempire.Owner : 2
bank:groovyempire.banking.Bank : 1
initial:100
--------------------
]]></system-out>

      <system-err><![CDATA[--Output from Create account for a bank--
]]></system-err>

  </testsuite>
  <testsuite errors="0" failures="0" hostname="Alis-MacBook-Pro-2.local" id="1" name="BankSpec" package="groovyempire" tests="1" time="0.42" timestamp="2013-12-02T05:28:57">
      <properties />

      <testcase classname="groovyempire.BankSpec" name="Create bank account" time="0.215" />

      <system-out><![CDATA[--Output from Create bank account--
]]></system-out>

      <system-err><![CDATA[--Output from Create bank account--
]]></system-err>

  </testsuite>
  <testsuite errors="0" failures="0" hostname="Alis-MacBook-Pro-2.local" id="2" name="EntitySpec" package="groovyempire" tests="1" time="0.305" timestamp="2013-12-02T05:28:57">
      <properties />

      <testcase classname="groovyempire.EntitySpec" name="Create an owner" time="0.092" />

      <system-out><![CDATA[--Output from Create an owner--
]]></system-out>

      <system-err><![CDATA[--Output from Create an owner--
]]></system-err>

  </testsuite>
  <testsuite errors="0" failures="0" hostname="Alis-MacBook-Pro-2.local" id="3" name="OwnerSpec" package="groovyempire" tests="1" time="0.12" timestamp="2013-12-02T05:28:58">
      <properties />

      <testcase classname="groovyempire.OwnerSpec" name="Create an owner" time="0.117" />

      <system-out><![CDATA[--Output from Create an owner--
]]></system-out>

      <system-err><![CDATA[--Output from Create an owner--
]]></system-err>

  </testsuite>
</testsuites>
